<?xml version="1.0" encoding="UTF-8"?>
<testng-results ignored="0" total="1" passed="1" failed="0" skipped="0">
  <reporter-output>
  </reporter-output>
  <suite started-at="2022-04-18T09:04:22Z" name="Default suite" finished-at="2022-04-18T09:05:24Z" duration-ms="61272">
    <groups>
    </groups>
    <test started-at="2022-04-18T09:04:22Z" name="Default test" finished-at="2022-04-18T09:05:24Z" duration-ms="61272">
      <class name="functionality.UpdateCustomerInformation">
        <test-method signature="UpdateInformation()[pri:0, instance:functionality.UpdateCustomerInformation@1ca3b418]" started-at="2022-04-18T09:04:22Z" name="UpdateInformation" finished-at="2022-04-18T09:05:24Z" duration-ms="61239" status="PASS">
          <reporter-output>
          </reporter-output>
        </test-method> <!-- UpdateInformation -->
      </class> <!-- functionality.UpdateCustomerInformation -->
    </test> <!-- Default test -->
  </suite> <!-- Default suite -->
</testng-results>
